02-16 15:40:59 com_github_MitjaNemec_PlaceFootprints.action_place_footprints 647:Plugin executed on: 'win32'
02-16 15:40:59 com_github_MitjaNemec_PlaceFootprints.action_place_footprints 648:Plugin executed with python version: '3.11.5 (main, Dec 24 2024, 05:27:06) [MSC v.1942 64 bit (AMD64)]'
02-16 15:40:59 com_github_MitjaNemec_PlaceFootprints.action_place_footprints 649:KiCad build version: 8.0.8
02-16 15:40:59 com_github_MitjaNemec_PlaceFootprints.action_place_footprints 650:Plugin version: 3.0.0
02-16 15:40:59 com_github_MitjaNemec_PlaceFootprints.action_place_footprints 651:Frame repr: <wx._core.Frame object at 0x00000214B30E6B00>
02-16 15:40:59 com_github_MitjaNemec_PlaceFootprints.place_footprints 121:getting a list of all footprints on board
02-16 15:40:59 com_github_MitjaNemec_PlaceFootprints.place_footprints 156:Footprint U5 on root level
02-16 15:40:59 com_github_MitjaNemec_PlaceFootprints.place_footprints 156:Footprint TP6 on root level
02-16 15:40:59 com_github_MitjaNemec_PlaceFootprints.place_footprints 156:Footprint TP2 on root level
02-16 15:40:59 com_github_MitjaNemec_PlaceFootprints.place_footprints 156:Footprint TP3 on root level
02-16 15:40:59 com_github_MitjaNemec_PlaceFootprints.place_footprints 156:Footprint C5 on root level
02-16 15:40:59 com_github_MitjaNemec_PlaceFootprints.place_footprints 156:Footprint TP4 on root level
02-16 15:40:59 com_github_MitjaNemec_PlaceFootprints.place_footprints 156:Footprint TP1 on root level
02-16 15:40:59 com_github_MitjaNemec_PlaceFootprints.place_footprints 156:Footprint TP5 on root level
02-16 15:40:59 com_github_MitjaNemec_PlaceFootprints.place_footprints 156:Footprint C6 on root level
02-16 15:40:59 com_github_MitjaNemec_PlaceFootprints.place_footprints 156:Footprint TP24 on root level
02-16 15:40:59 com_github_MitjaNemec_PlaceFootprints.place_footprints 156:Footprint TP23 on root level
02-16 15:40:59 com_github_MitjaNemec_PlaceFootprints.place_footprints 156:Footprint TP22 on root level
02-16 15:40:59 com_github_MitjaNemec_PlaceFootprints.place_footprints 156:Footprint TP21 on root level
02-16 15:40:59 com_github_MitjaNemec_PlaceFootprints.place_footprints 156:Footprint TP20 on root level
02-16 15:40:59 com_github_MitjaNemec_PlaceFootprints.place_footprints 156:Footprint TP19 on root level
02-16 15:40:59 com_github_MitjaNemec_PlaceFootprints.place_footprints 156:Footprint TP18 on root level
02-16 15:40:59 com_github_MitjaNemec_PlaceFootprints.place_footprints 156:Footprint TP17 on root level
02-16 15:40:59 com_github_MitjaNemec_PlaceFootprints.place_footprints 156:Footprint TP16 on root level
02-16 15:40:59 com_github_MitjaNemec_PlaceFootprints.place_footprints 156:Footprint TP15 on root level
02-16 15:40:59 com_github_MitjaNemec_PlaceFootprints.place_footprints 156:Footprint TP14 on root level
02-16 15:40:59 com_github_MitjaNemec_PlaceFootprints.place_footprints 156:Footprint TP13 on root level
02-16 15:40:59 com_github_MitjaNemec_PlaceFootprints.place_footprints 156:Footprint TP12 on root level
02-16 15:40:59 com_github_MitjaNemec_PlaceFootprints.place_footprints 156:Footprint TP11 on root level
02-16 15:40:59 com_github_MitjaNemec_PlaceFootprints.place_footprints 156:Footprint TP10 on root level
02-16 15:40:59 com_github_MitjaNemec_PlaceFootprints.place_footprints 156:Footprint TP9 on root level
02-16 15:40:59 com_github_MitjaNemec_PlaceFootprints.place_footprints 156:Footprint TP8 on root level
02-16 15:40:59 com_github_MitjaNemec_PlaceFootprints.place_footprints 156:Footprint TP7 on root level
02-16 15:40:59 com_github_MitjaNemec_PlaceFootprints.place_footprints 156:Footprint U2 on root level
02-16 15:40:59 com_github_MitjaNemec_PlaceFootprints.place_footprints 156:Footprint C2 on root level
02-16 15:40:59 com_github_MitjaNemec_PlaceFootprints.place_footprints 156:Footprint C9 on root level
02-16 15:40:59 com_github_MitjaNemec_PlaceFootprints.place_footprints 156:Footprint U3 on root level
02-16 15:40:59 com_github_MitjaNemec_PlaceFootprints.place_footprints 156:Footprint R1 on root level
02-16 15:40:59 com_github_MitjaNemec_PlaceFootprints.place_footprints 156:Footprint R7 on root level
02-16 15:40:59 com_github_MitjaNemec_PlaceFootprints.place_footprints 156:Footprint U1 on root level
02-16 15:40:59 com_github_MitjaNemec_PlaceFootprints.place_footprints 156:Footprint C7 on root level
02-16 15:40:59 com_github_MitjaNemec_PlaceFootprints.place_footprints 156:Footprint C4 on root level
02-16 15:40:59 com_github_MitjaNemec_PlaceFootprints.place_footprints 156:Footprint R4 on root level
02-16 15:40:59 com_github_MitjaNemec_PlaceFootprints.place_footprints 156:Footprint R2 on root level
02-16 15:40:59 com_github_MitjaNemec_PlaceFootprints.place_footprints 156:Footprint U5 on root level
02-16 15:40:59 com_github_MitjaNemec_PlaceFootprints.place_footprints 156:Footprint R6 on root level
02-16 15:40:59 com_github_MitjaNemec_PlaceFootprints.place_footprints 156:Footprint C8 on root level
02-16 15:40:59 com_github_MitjaNemec_PlaceFootprints.place_footprints 156:Footprint C3 on root level
02-16 15:40:59 com_github_MitjaNemec_PlaceFootprints.place_footprints 156:Footprint C1 on root level
02-16 15:40:59 com_github_MitjaNemec_PlaceFootprints.place_footprints 156:Footprint R5 on root level
02-16 15:40:59 com_github_MitjaNemec_PlaceFootprints.place_footprints 156:Footprint U4 on root level
02-16 15:41:00 com_github_MitjaNemec_PlaceFootprints.action_place_footprints 830:Reference designator is: U
02-16 15:41:00 com_github_MitjaNemec_PlaceFootprints.action_place_footprints 831:Reference number is: 2
02-16 15:41:00 com_github_MitjaNemec_PlaceFootprints.action_place_footprints 863:Sorted and filtered list:
['U1', 'U2', 'U3', 'U4', 'U5']
02-16 15:41:00 com_github_MitjaNemec_PlaceFootprints.action_place_footprints 359:wx.Colour(240, 240, 240, 255)
02-16 15:41:11 com_github_MitjaNemec_PlaceFootprints.action_place_footprints 490:'0'
02-16 15:41:11 com_github_MitjaNemec_PlaceFootprints.action_place_footprints 536:Preparing config for reference linear
02-16 15:41:11 com_github_MitjaNemec_PlaceFootprints.action_place_footprints 556:Saving config file
02-16 15:41:11 com_github_MitjaNemec_PlaceFootprints.action_place_footprints 558:Saved the config file
02-16 15:41:11 com_github_MitjaNemec_PlaceFootprints.action_place_footprints 901:Footprints to place:
['U2', 'U3', 'U4', 'U5']
02-16 15:41:11 com_github_MitjaNemec_PlaceFootprints.place_footprints 367:Starting placing with linear layout
02-16 15:41:11 com_github_MitjaNemec_PlaceFootprints.action_place_footprints 942:Placing complete
